<?xml version="1.0" encoding="UTF-8"?>
<!-- Generated by org.testng.reporters.JUnitReportReporter -->
<testsuite hostname="DESKTOP-E3QF6UL" failures="0" tests="2" name="neostox_TestNG.ValidateNeoStoxUserName" time="67.792" errors="0" timestamp="2022-12-07T12:53:01 IST" skipped="0">
  <testcase classname="neostox_TestNG.ValidateNeoStoxUserName" name="validateUsername" time="15.835"/>
  <system-out>
    <![CDATA[getting actual username 
Reading data from excel]]>
  </system-out>
  <testcase classname="neostox_TestNG.ValidateNeoStoxUserName" name="validateAccountBalance" time="51.957"/>
  <system-out>
    <![CDATA[getting actual account balance ]]>
  </system-out>
</testsuite> <!-- neostox_TestNG.ValidateNeoStoxUserName -->
